  hw4.cpp
c:\program files (x86)\microsoft visual studio 14.0\vc\include\xutility(893): warning C4244: “参数”: 从“double”转换到“int”，可能丢失数据
  c:\program files (x86)\microsoft visual studio 14.0\vc\include\xutility(890): note: 参见对正在编译的函数 模板 实例化“bool std::_Debug_lt_pred<bool(__cdecl *&)(int,int),double&,double&>(_Pr,_Ty1,_Ty2,std::_Dbfile_t,std::_Dbline_t) noexcept(<expr>)”的引用
          with
          [
              _Pr=bool (__cdecl *&)(int,int),
              _Ty1=double &,
              _Ty2=double &
          ]
  c:\program files (x86)\microsoft visual studio 14.0\vc\include\algorithm(2748): note: 参见对正在编译的函数 模板 实例化“std::pair<_RanIt,_RanIt> std::_Partition_by_median_guess_unchecked<_RanIt,bool(__cdecl *)(int,int)>(_RanIt,_RanIt,_Pr &)”的引用
          with
          [
              _RanIt=double *,
              _Pr=bool (__cdecl *)(int,int)
          ]
  c:\program files (x86)\microsoft visual studio 14.0\vc\include\algorithm(2776): note: 参见对正在编译的函数 模板 实例化“void std::_Sort_unchecked1<_RanIt,int,bool(__cdecl *)(int,int)>(_RanIt,_RanIt,_Diff,_Pr &)”的引用
          with
          [
              _RanIt=double *,
              _Diff=int,
              _Pr=bool (__cdecl *)(int,int)
          ]
  c:\program files (x86)\microsoft visual studio 14.0\vc\include\algorithm(2784): note: 参见对正在编译的函数 模板 实例化“void std::_Sort_unchecked<_Iter,bool(__cdecl *)(int,int)>(_RanIt,_RanIt,_Pr &)”的引用
          with
          [
              _Iter=double *,
              _RanIt=double *,
              _Pr=bool (__cdecl *)(int,int)
          ]
  d:\programs\algorithm\ustc-algorithm\hw4\hw4\hw4.cpp(29): note: 参见对正在编译的函数 模板 实例化“void std::sort<double*,bool(__cdecl *)(int,int)>(_RanIt,_RanIt,_Pr)”的引用
          with
          [
              _RanIt=double *,
              _Pr=bool (__cdecl *)(int,int)
          ]
c:\program files (x86)\microsoft visual studio 14.0\vc\include\xutility(896): warning C4244: “参数”: 从“double”转换到“int”，可能丢失数据
  c:\program files (x86)\microsoft visual studio 14.0\vc\include\algorithm(2691): note: 参见对正在编译的函数 模板 实例化“bool std::_Debug_lt_pred<bool(__cdecl *&)(int,int),double&,double&>(_Pr,_Ty1,_Ty2,std::_Dbfile_t,std::_Dbline_t) noexcept(false)”的引用
          with
          [
              _Pr=bool (__cdecl *&)(int,int),
              _Ty1=double &,
              _Ty2=double &
          ]
  c:\program files (x86)\microsoft visual studio 14.0\vc\include\algorithm(2748): note: 参见对正在编译的函数 模板 实例化“std::pair<_RanIt,_RanIt> std::_Partition_by_median_guess_unchecked<_RanIt,bool(__cdecl *)(int,int)>(_RanIt,_RanIt,_Pr &)”的引用
          with
          [
              _RanIt=double *,
              _Pr=bool (__cdecl *)(int,int)
          ]
c:\program files (x86)\microsoft visual studio 14.0\vc\include\xutility(898): warning C4244: “参数”: 从“double”转换到“int”，可能丢失数据
  HW4.vcxproj -> D:\programs\ALGORITHM\USTC-ALGORITHM\HW4\Debug\HW4.exe
  HW4.vcxproj -> D:\programs\ALGORITHM\USTC-ALGORITHM\HW4\Debug\HW4.pdb (Partial PDB)
